2025-01-07 11:22:46,731 - sqlalchemy.engine.Engine - INFO - select pg_catalog.version()
2025-01-07 11:22:46,732 - sqlalchemy.engine.Engine - INFO - [raw sql] {}
2025-01-07 11:22:46,734 - sqlalchemy.engine.Engine - INFO - select current_schema()
2025-01-07 11:22:46,734 - sqlalchemy.engine.Engine - INFO - [raw sql] {}
2025-01-07 11:22:46,736 - sqlalchemy.engine.Engine - INFO - show standard_conforming_strings
2025-01-07 11:22:46,736 - sqlalchemy.engine.Engine - INFO - [raw sql] {}
2025-01-07 11:22:46,737 - sqlalchemy.engine.Engine - INFO - BEGIN (implicit)
2025-01-07 11:22:46,739 - sqlalchemy.engine.Engine - INFO - SELECT enterprise.id AS enterprise_id, enterprise.name AS enterprise_name, enterprise.timestamp AS enterprise_timestamp, enterprise.disabled AS enterprise_disabled 
FROM enterprise 
WHERE enterprise.id = %(id_1)s 
 LIMIT %(param_1)s
2025-01-07 11:22:46,742 - sqlalchemy.engine.Engine - INFO - [generated in 0.00302s] {'id_1': 2, 'param_1': 1}
2025-01-07 11:22:46,744 - mes - WARNING - Enterprise not found - id=2
2025-01-07 11:22:46,744 - sqlalchemy.engine.Engine - INFO - ROLLBACK
2025-01-07 11:23:07,272 - sqlalchemy.engine.Engine - INFO - BEGIN (implicit)
2025-01-07 11:23:07,273 - sqlalchemy.engine.Engine - INFO - SELECT enterprise.id AS enterprise_id, enterprise.name AS enterprise_name, enterprise.timestamp AS enterprise_timestamp, enterprise.disabled AS enterprise_disabled 
FROM enterprise 
WHERE enterprise.name = %(name_1)s 
 LIMIT %(param_1)s
2025-01-07 11:23:07,273 - sqlalchemy.engine.Engine - INFO - [generated in 0.00016s] {'name_1': 'assembly', 'param_1': 1}
2025-01-07 11:23:07,277 - sqlalchemy.engine.Engine - INFO - INSERT INTO enterprise (name, timestamp, disabled) VALUES (%(name)s, %(timestamp)s, %(disabled)s) RETURNING enterprise.id
2025-01-07 11:23:07,277 - sqlalchemy.engine.Engine - INFO - [generated in 0.00017s] {'name': 'assembly', 'timestamp': datetime.datetime(2025, 1, 7, 10, 23, 7, 276872), 'disabled': False}
2025-01-07 11:23:07,279 - sqlalchemy.engine.Engine - INFO - COMMIT
2025-01-07 11:23:07,282 - sqlalchemy.engine.Engine - INFO - BEGIN (implicit)
2025-01-07 11:23:07,283 - sqlalchemy.engine.Engine - INFO - SELECT enterprise.id, enterprise.name, enterprise.timestamp, enterprise.disabled 
FROM enterprise 
WHERE enterprise.id = %(pk_1)s
2025-01-07 11:23:07,283 - sqlalchemy.engine.Engine - INFO - [generated in 0.00012s] {'pk_1': 3}
2025-01-07 11:23:07,285 - mes - INFO - Enterprise created successfully - name='assembly'
2025-01-07 11:23:07,287 - sqlalchemy.engine.Engine - INFO - ROLLBACK
2025-01-07 11:23:17,291 - sqlalchemy.engine.Engine - INFO - BEGIN (implicit)
2025-01-07 11:23:17,291 - sqlalchemy.engine.Engine - INFO - SELECT enterprise.id AS enterprise_id, enterprise.name AS enterprise_name, enterprise.timestamp AS enterprise_timestamp, enterprise.disabled AS enterprise_disabled 
FROM enterprise
2025-01-07 11:23:17,291 - sqlalchemy.engine.Engine - INFO - [generated in 0.00018s] {}
2025-01-07 11:23:17,296 - mes - INFO - Retrieved 1 Enterprise(s)
2025-01-07 11:23:17,298 - sqlalchemy.engine.Engine - INFO - ROLLBACK
2025-01-07 11:23:36,509 - sqlalchemy.engine.Engine - INFO - BEGIN (implicit)
2025-01-07 11:23:36,510 - sqlalchemy.engine.Engine - INFO - SELECT enterprise.id AS enterprise_id, enterprise.name AS enterprise_name, enterprise.timestamp AS enterprise_timestamp, enterprise.disabled AS enterprise_disabled 
FROM enterprise 
WHERE enterprise.id = %(id_1)s 
 LIMIT %(param_1)s
2025-01-07 11:23:36,510 - sqlalchemy.engine.Engine - INFO - [cached since 49.77s ago] {'id_1': 3, 'param_1': 1}
2025-01-07 11:23:36,512 - sqlalchemy.engine.Engine - INFO - ROLLBACK
2025-01-07 11:24:48,104 - sqlalchemy.engine.Engine - INFO - select pg_catalog.version()
2025-01-07 11:24:48,105 - sqlalchemy.engine.Engine - INFO - [raw sql] {}
2025-01-07 11:24:48,107 - sqlalchemy.engine.Engine - INFO - select current_schema()
2025-01-07 11:24:48,107 - sqlalchemy.engine.Engine - INFO - [raw sql] {}
2025-01-07 11:24:48,107 - sqlalchemy.engine.Engine - INFO - show standard_conforming_strings
2025-01-07 11:24:48,108 - sqlalchemy.engine.Engine - INFO - [raw sql] {}
2025-01-07 11:24:48,109 - sqlalchemy.engine.Engine - INFO - BEGIN (implicit)
2025-01-07 11:24:48,110 - sqlalchemy.engine.Engine - INFO - SELECT enterprise.id AS enterprise_id, enterprise.name AS enterprise_name, enterprise.timestamp AS enterprise_timestamp, enterprise.disabled AS enterprise_disabled 
FROM enterprise 
WHERE enterprise.id = %(id_1)s 
 LIMIT %(param_1)s
2025-01-07 11:24:48,110 - sqlalchemy.engine.Engine - INFO - [generated in 0.00012s] {'id_1': 3, 'param_1': 1}
2025-01-07 11:24:48,113 - sqlalchemy.engine.Engine - INFO - SELECT site.id AS site_id, site.name AS site_name, site.timestamp AS site_timestamp, site.disabled AS site_disabled, site.enterprise_id AS site_enterprise_id 
FROM site 
WHERE site.name = %(name_1)s AND site.enterprise_id = %(enterprise_id_1)s 
 LIMIT %(param_1)s
2025-01-07 11:24:48,114 - sqlalchemy.engine.Engine - INFO - [generated in 0.00012s] {'name_1': 'MHMX', 'enterprise_id_1': 3, 'param_1': 1}
2025-01-07 11:24:48,115 - sqlalchemy.engine.Engine - INFO - INSERT INTO site (name, timestamp, disabled, enterprise_id) VALUES (%(name)s, %(timestamp)s, %(disabled)s, %(enterprise_id)s) RETURNING site.id
2025-01-07 11:24:48,115 - sqlalchemy.engine.Engine - INFO - [generated in 0.00011s] {'name': 'MHMX', 'timestamp': datetime.datetime(2025, 1, 7, 10, 24, 48, 114093), 'disabled': False, 'enterprise_id': 3}
2025-01-07 11:24:48,117 - sqlalchemy.engine.Engine - INFO - COMMIT
2025-01-07 11:24:48,119 - sqlalchemy.engine.Engine - INFO - BEGIN (implicit)
2025-01-07 11:24:48,121 - sqlalchemy.engine.Engine - INFO - SELECT site.id, site.name, site.timestamp, site.disabled, site.enterprise_id 
FROM site 
WHERE site.id = %(pk_1)s
2025-01-07 11:24:48,121 - sqlalchemy.engine.Engine - INFO - [generated in 0.00012s] {'pk_1': 1}
2025-01-07 11:24:48,123 - sqlalchemy.engine.Engine - INFO - SELECT enterprise.id AS enterprise_id, enterprise.name AS enterprise_name, enterprise.timestamp AS enterprise_timestamp, enterprise.disabled AS enterprise_disabled 
FROM enterprise 
WHERE enterprise.id = %(pk_1)s
2025-01-07 11:24:48,123 - sqlalchemy.engine.Engine - INFO - [generated in 0.00014s] {'pk_1': 3}
2025-01-07 11:24:48,124 - mes - INFO - Site created successfully - name='MHMX' in enterprise='assembly'
2025-01-07 11:24:48,125 - sqlalchemy.engine.Engine - INFO - ROLLBACK
2025-01-07 11:26:15,547 - sqlalchemy.engine.Engine - INFO - select pg_catalog.version()
2025-01-07 11:26:15,547 - sqlalchemy.engine.Engine - INFO - [raw sql] {}
2025-01-07 11:26:15,548 - sqlalchemy.engine.Engine - INFO - select current_schema()
2025-01-07 11:26:15,550 - sqlalchemy.engine.Engine - INFO - [raw sql] {}
2025-01-07 11:26:15,551 - sqlalchemy.engine.Engine - INFO - show standard_conforming_strings
2025-01-07 11:26:15,551 - sqlalchemy.engine.Engine - INFO - [raw sql] {}
2025-01-07 11:26:15,552 - sqlalchemy.engine.Engine - INFO - BEGIN (implicit)
2025-01-07 11:26:15,553 - sqlalchemy.engine.Engine - INFO - SELECT site.id AS site_id, site.name AS site_name, site.timestamp AS site_timestamp, site.disabled AS site_disabled, site.enterprise_id AS site_enterprise_id 
FROM site
2025-01-07 11:26:15,554 - sqlalchemy.engine.Engine - INFO - [generated in 0.00013s] {}
2025-01-07 11:26:15,557 - mes - INFO - Retrieved 1 Site(s)
2025-01-07 11:26:15,558 - sqlalchemy.engine.Engine - INFO - ROLLBACK
2025-01-07 11:26:37,191 - sqlalchemy.engine.Engine - INFO - BEGIN (implicit)
2025-01-07 11:26:37,192 - sqlalchemy.engine.Engine - INFO - SELECT site.id AS site_id, site.name AS site_name, site.timestamp AS site_timestamp, site.disabled AS site_disabled, site.enterprise_id AS site_enterprise_id 
FROM site 
WHERE site.id = %(id_1)s 
 LIMIT %(param_1)s
2025-01-07 11:26:37,192 - sqlalchemy.engine.Engine - INFO - [generated in 0.00016s] {'id_1': 2, 'param_1': 1}
2025-01-07 11:26:37,195 - mes - WARNING - Site not found - id=2
2025-01-07 11:26:37,196 - sqlalchemy.engine.Engine - INFO - ROLLBACK
2025-01-07 11:26:45,098 - sqlalchemy.engine.Engine - INFO - BEGIN (implicit)
2025-01-07 11:26:45,098 - sqlalchemy.engine.Engine - INFO - SELECT site.id AS site_id, site.name AS site_name, site.timestamp AS site_timestamp, site.disabled AS site_disabled, site.enterprise_id AS site_enterprise_id 
FROM site 
WHERE site.id = %(id_1)s 
 LIMIT %(param_1)s
2025-01-07 11:26:45,098 - sqlalchemy.engine.Engine - INFO - [cached since 7.907s ago] {'id_1': 1, 'param_1': 1}
2025-01-07 11:26:45,102 - mes - INFO - Site retrieved successfully - name='MHMX'
2025-01-07 11:26:45,104 - sqlalchemy.engine.Engine - INFO - ROLLBACK
2025-01-07 11:27:09,712 - sqlalchemy.engine.Engine - INFO - BEGIN (implicit)
2025-01-07 11:27:09,712 - sqlalchemy.engine.Engine - INFO - SELECT site.id AS site_id, site.name AS site_name, site.timestamp AS site_timestamp, site.disabled AS site_disabled, site.enterprise_id AS site_enterprise_id 
FROM site 
WHERE site.id = %(id_1)s 
 LIMIT %(param_1)s
2025-01-07 11:27:09,712 - sqlalchemy.engine.Engine - INFO - [cached since 32.52s ago] {'id_1': 1, 'param_1': 1}
2025-01-07 11:27:09,715 - sqlalchemy.engine.Engine - INFO - UPDATE site SET disabled=%(disabled)s WHERE site.id = %(site_id)s
2025-01-07 11:27:09,715 - sqlalchemy.engine.Engine - INFO - [generated in 0.00019s] {'disabled': True, 'site_id': 1}
2025-01-07 11:27:09,718 - sqlalchemy.engine.Engine - INFO - COMMIT
2025-01-07 11:27:09,726 - sqlalchemy.engine.Engine - INFO - BEGIN (implicit)
2025-01-07 11:27:09,727 - sqlalchemy.engine.Engine - INFO - SELECT site.id, site.name, site.timestamp, site.disabled, site.enterprise_id 
FROM site 
WHERE site.id = %(pk_1)s
2025-01-07 11:27:09,727 - sqlalchemy.engine.Engine - INFO - [generated in 0.00010s] {'pk_1': 1}
2025-01-07 11:27:09,730 - mes - INFO - Site updated successfully - name='MHMX'
2025-01-07 11:27:09,732 - sqlalchemy.engine.Engine - INFO - ROLLBACK
2025-01-07 11:27:49,270 - sqlalchemy.engine.Engine - INFO - BEGIN (implicit)
2025-01-07 11:27:49,270 - sqlalchemy.engine.Engine - INFO - SELECT site.id AS site_id, site.name AS site_name, site.timestamp AS site_timestamp, site.disabled AS site_disabled, site.enterprise_id AS site_enterprise_id 
FROM site 
WHERE site.id = %(id_1)s 
 LIMIT %(param_1)s
2025-01-07 11:27:49,271 - sqlalchemy.engine.Engine - INFO - [cached since 72.08s ago] {'id_1': 2, 'param_1': 1}
2025-01-07 11:27:49,274 - sqlalchemy.engine.Engine - INFO - ROLLBACK
2025-01-07 11:28:02,609 - sqlalchemy.engine.Engine - INFO - BEGIN (implicit)
2025-01-07 11:28:02,610 - sqlalchemy.engine.Engine - INFO - SELECT site.id AS site_id, site.name AS site_name, site.timestamp AS site_timestamp, site.disabled AS site_disabled, site.enterprise_id AS site_enterprise_id 
FROM site 
WHERE site.id = %(id_1)s 
 LIMIT %(param_1)s
2025-01-07 11:28:02,610 - sqlalchemy.engine.Engine - INFO - [cached since 85.42s ago] {'id_1': 1, 'param_1': 1}
2025-01-07 11:28:02,613 - sqlalchemy.engine.Engine - INFO - ROLLBACK
